<?xml version="1.0" encoding="UTF-8"?>
<!-- Generated by org.testng.reporters.JUnitXMLReporter -->
<testsuite hostname="wk2407" name="Test" tests="4" failures="2" timestamp="8 Aug 2017 20:57:43 GMT" time="24.864" errors="0">
  <testcase name="clickFooterLink_SubscribeBlog" time="6.425" classname="com.purebarre.www.datatests.NavigationTests"/>
  <testcase name="clickFooterLink_SubscribeBlog_Submit" time="5.532" classname="com.purebarre.www.datatests.NavigationTests">
    <failure type="org.openqa.selenium.NoSuchElementException" message="no such element: Unable to locate element: {&amp;quot;method&amp;quot;:&amp;quot;xpath&amp;quot;,&amp;quot;selector&amp;quot;:&amp;quot;//div[@id=&amp;apos;msg-form-wysija-html56f560f9aa4c3-2&amp;apos;]/div/div/ul/li&amp;quot;}
  (Session info: chrome=60.0.3112.90)
  (Driver info: chromedriver=2.30.477700 (0057494ad8732195794a7b32078424f92a5fce41),platform=Windows NT 6.1.7601 SP1 x86_64) (WARNING: The server did not provide any stacktrace information)
Command duration or timeout: 820 milliseconds
For documentation on this error, please visit: http://seleniumhq.org/exceptions/no_such_element.html
Build info: version: &amp;apos;unknown&amp;apos;, revision: &amp;apos;unknown&amp;apos;, time: &amp;apos;unknown&amp;apos;
System info: host: &amp;apos;WK2407&amp;apos;, ip: &amp;apos;10.66.29.36&amp;apos;, os.name: &amp;apos;Windows 7&amp;apos;, os.arch: &amp;apos;amd64&amp;apos;, os.version: &amp;apos;6.1&amp;apos;, java.version: &amp;apos;1.8.0_131&amp;apos;
Driver info: org.openqa.selenium.chrome.ChromeDriver
Capabilities [{applicationCacheEnabled=false, rotatable=false, mobileEmulationEnabled=false, networkConnectionEnabled=false, chrome={chromedriverVersion=2.30.477700 (0057494ad8732195794a7b32078424f92a5fce41), userDataDir=C:\Users\ALEXIS~1\AppData\Local\Temp\scoped_dir7052_2316}, takesHeapSnapshot=true, pageLoadStrategy=normal, databaseEnabled=false, handlesAlerts=true, hasTouchScreen=false, version=60.0.3112.90, platform=XP, browserConnectionEnabled=false, nativeEvents=true, acceptSslCerts=true, locationContextEnabled=true, webStorageEnabled=true, browserName=chrome, takesScreenshot=true, javascriptEnabled=true, cssSelectorsEnabled=true, unexpectedAlertBehaviour=}]
Session ID: 2a913659b45f48eadd3503e763491032
*** Element info: {Using=xpath, value=//div[@id=&amp;apos;msg-form-wysija-html56f560f9aa4c3-2&amp;apos;]/div/div/ul/li}">
      <![CDATA[org.openqa.selenium.NoSuchElementException: no such element: Unable to locate element: {"method":"xpath","selector":"//div[@id='msg-form-wysija-html56f560f9aa4c3-2']/div/div/ul/li"}
  (Session info: chrome=60.0.3112.90)
  (Driver info: chromedriver=2.30.477700 (0057494ad8732195794a7b32078424f92a5fce41),platform=Windows NT 6.1.7601 SP1 x86_64) (WARNING: The server did not provide any stacktrace information)
Command duration or timeout: 820 milliseconds
For documentation on this error, please visit: http://seleniumhq.org/exceptions/no_such_element.html
Build info: version: 'unknown', revision: 'unknown', time: 'unknown'
System info: host: 'WK2407', ip: '10.66.29.36', os.name: 'Windows 7', os.arch: 'amd64', os.version: '6.1', java.version: '1.8.0_131'
Driver info: org.openqa.selenium.chrome.ChromeDriver
Capabilities [{applicationCacheEnabled=false, rotatable=false, mobileEmulationEnabled=false, networkConnectionEnabled=false, chrome={chromedriverVersion=2.30.477700 (0057494ad8732195794a7b32078424f92a5fce41), userDataDir=C:\Users\ALEXIS~1\AppData\Local\Temp\scoped_dir7052_2316}, takesHeapSnapshot=true, pageLoadStrategy=normal, databaseEnabled=false, handlesAlerts=true, hasTouchScreen=false, version=60.0.3112.90, platform=XP, browserConnectionEnabled=false, nativeEvents=true, acceptSslCerts=true, locationContextEnabled=true, webStorageEnabled=true, browserName=chrome, takesScreenshot=true, javascriptEnabled=true, cssSelectorsEnabled=true, unexpectedAlertBehaviour=}]
Session ID: 2a913659b45f48eadd3503e763491032
*** Element info: {Using=xpath, value=//div[@id='msg-form-wysija-html56f560f9aa4c3-2']/div/div/ul/li}
	at org.openqa.selenium.remote.ErrorHandler.createThrowable(ErrorHandler.java:215)
	at org.openqa.selenium.remote.ErrorHandler.throwIfResponseFailed(ErrorHandler.java:167)
	at org.openqa.selenium.remote.RemoteWebDriver.execute(RemoteWebDriver.java:671)
	at org.openqa.selenium.remote.RemoteWebDriver.findElement(RemoteWebDriver.java:410)
	at org.openqa.selenium.remote.RemoteWebDriver.findElementByXPath(RemoteWebDriver.java:509)
	at org.openqa.selenium.By$ByXPath.findElement(By.java:361)
	at org.openqa.selenium.remote.RemoteWebDriver.findElement(RemoteWebDriver.java:402)
	at com.purebarre.www.objects.FooterObjects.text_FollowingSubmit_SubscribeBlog(FooterObjects.java:103)
	at com.purebarre.www.datatests.NavigationTests.clickFooterLink_SubscribeBlog_Submit(NavigationTests.java:245)
... Removed 28 stack frames]]>
    </failure>
  </testcase> <!-- clickFooterLink_SubscribeBlog_Submit -->
  <testcase name="clickFooterLink_SubscribeNewsletter_Submit" time="4.563" classname="com.purebarre.www.datatests.NavigationTests">
    <failure type="java.lang.AssertionError" message="expected [true] but found [false]">
      <![CDATA[java.lang.AssertionError: expected [true] but found [false]
	at com.purebarre.www.datatests.NavigationTests.resultantURL(NavigationTests.java:379)
	at com.purebarre.www.datatests.NavigationTests.clickFooterLink_SubscribeNewsletter_Submit(NavigationTests.java:225)
... Removed 28 stack frames]]>
    </failure>
  </testcase> <!-- clickFooterLink_SubscribeNewsletter_Submit -->
  <testcase name="clickFooterLink_SubscribeNewsletter_Text" time="4.618" classname="com.purebarre.www.datatests.NavigationTests"/>
</testsuite> <!-- Test -->
