<!DOCTYPE html PUBLIC "-//W3C//DTD XHTML 1.1//EN" "http://www.w3.org/TR/xhtml11/DTD/xhtml11.dtd">
<html xmlns="http://www.w3.org/1999/xhtml"><head><title>TestNG Report</title><style type="text/css">table {margin-bottom:10px;border-collapse:collapse;empty-cells:show}th,td {border:1px solid #009;padding:.25em .5em}th {vertical-align:bottom}td {vertical-align:top}table a {font-weight:bold}.stripe td {background-color: #E6EBF9}.num {text-align:right}.passedodd td {background-color: #3F3}.passedeven td {background-color: #0A0}.skippedodd td {background-color: #DDD}.skippedeven td {background-color: #CCC}.failedodd td,.attn {background-color: #F33}.failedeven td,.stripe .attn {background-color: #D00}.stacktrace {white-space:pre;font-family:monospace}.totop {font-size:85%;text-align:center;border-bottom:2px solid #000}</style></head><body><table><tr><th>Test</th><th># Passed</th><th># Skipped</th><th># Failed</th><th>Time (ms)</th><th>Included Groups</th><th>Excluded Groups</th></tr><tr><th colspan="7">Suite</th></tr><tr><td><a href="#t0">Test</a></td><td class="num">0</td><td class="num">0</td><td class="num attn">9</td><td class="num">58,090</td><td>retest</td><td></td></tr></table><table id='summary'><thead><tr><th>Class</th><th>Method</th><th>Start</th><th>Time (ms)</th></tr></thead><tbody><tr><th colspan="4">Suite</th></tr></tbody><tbody id="t0"><tr><th colspan="4">Test &#8212; failed</th></tr><tr class="failedeven"><td rowspan="9">com.purebarre.www.datatests.NavigationTests</td><td><a href="#m0">clickFooterLink_ContactUs</a></td><td rowspan="1">1501709775134</td><td rowspan="1">8632</td></tr><tr class="failedeven"><td><a href="#m1">clickFooterLink_Facebook</a></td><td rowspan="1">1501709784749</td><td rowspan="1">4682</td></tr><tr class="failedeven"><td><a href="#m2">clickFooterLink_Instagram</a></td><td rowspan="1">1501709790323</td><td rowspan="1">4755</td></tr><tr class="failedeven"><td><a href="#m3">clickFooterLink_Twitter</a></td><td rowspan="1">1501709795914</td><td rowspan="1">4854</td></tr><tr class="failedeven"><td><a href="#m4">clickFooterLink_YouTube</a></td><td rowspan="1">1501709801627</td><td rowspan="1">4552</td></tr><tr class="failedeven"><td><a href="#m5">clickHeaderLink_Blog</a></td><td rowspan="1">1501709806991</td><td rowspan="1">4530</td></tr><tr class="failedeven"><td><a href="#m6">clickHeaderLink_OwnAStudio</a></td><td rowspan="1">1501709812341</td><td rowspan="1">12263</td></tr><tr class="failedeven"><td><a href="#m7">clickHeaderLink_Shop</a></td><td rowspan="1">1501709825423</td><td rowspan="1">4607</td></tr><tr class="failedeven"><td><a href="#m8">clickHeaderLink_Story</a></td><td rowspan="1">1501709830837</td><td rowspan="1">1583</td></tr></tbody></table><h2>Test</h2><h3 id="m0">com.purebarre.www.datatests.NavigationTests#clickFooterLink_ContactUs</h3><table class="result"><tr><th>Exception</th></tr><tr><td><div class="stacktrace">java.lang.AssertionError: expected [true] but found [false]
	at com.purebarre.www.datatests.NavigationTests.clickFooterLink_ContactUs(NavigationTests.java:263)
... Removed 29 stack frames</div></td></tr></table><p class="totop"><a href="#summary">back to summary</a></p><h3 id="m1">com.purebarre.www.datatests.NavigationTests#clickFooterLink_Facebook</h3><table class="result"><tr><th>Exception</th></tr><tr><td><div class="stacktrace">java.lang.AssertionError: expected [true] but found [false]
	at com.purebarre.www.datatests.NavigationTests.clickFooterLink_Facebook(NavigationTests.java:339)
... Removed 29 stack frames</div></td></tr></table><p class="totop"><a href="#summary">back to summary</a></p><h3 id="m2">com.purebarre.www.datatests.NavigationTests#clickFooterLink_Instagram</h3><table class="result"><tr><th>Exception</th></tr><tr><td><div class="stacktrace">java.lang.AssertionError: expected [true] but found [false]
	at com.purebarre.www.datatests.NavigationTests.clickFooterLink_Instagram(NavigationTests.java:365)
... Removed 29 stack frames</div></td></tr></table><p class="totop"><a href="#summary">back to summary</a></p><h3 id="m3">com.purebarre.www.datatests.NavigationTests#clickFooterLink_Twitter</h3><table class="result"><tr><th>Exception</th></tr><tr><td><div class="stacktrace">java.lang.AssertionError: expected [true] but found [false]
	at com.purebarre.www.datatests.NavigationTests.clickFooterLink_Twitter(NavigationTests.java:352)
... Removed 29 stack frames</div></td></tr></table><p class="totop"><a href="#summary">back to summary</a></p><h3 id="m4">com.purebarre.www.datatests.NavigationTests#clickFooterLink_YouTube</h3><table class="result"><tr><th>Exception</th></tr><tr><td><div class="stacktrace">java.lang.AssertionError: expected [true] but found [false]
	at com.purebarre.www.datatests.NavigationTests.clickFooterLink_YouTube(NavigationTests.java:404)
... Removed 29 stack frames</div></td></tr></table><p class="totop"><a href="#summary">back to summary</a></p><h3 id="m5">com.purebarre.www.datatests.NavigationTests#clickHeaderLink_Blog</h3><table class="result"><tr><th>Exception</th></tr><tr><td><div class="stacktrace">java.lang.AssertionError: expected [true] but found [false]
	at com.purebarre.www.datatests.NavigationTests.clickHeaderLink_Blog(NavigationTests.java:120)
... Removed 29 stack frames</div></td></tr></table><p class="totop"><a href="#summary">back to summary</a></p><h3 id="m6">com.purebarre.www.datatests.NavigationTests#clickHeaderLink_OwnAStudio</h3><table class="result"><tr><th>Exception</th></tr><tr><td><div class="stacktrace">org.openqa.selenium.WebDriverException: unknown error: Element is not clickable at point (-150, 297)
  (Session info: chrome=59.0.3071.115)
  (Driver info: chromedriver=2.30.477700 (0057494ad8732195794a7b32078424f92a5fce41),platform=Windows NT 6.1.7601 SP1 x86_64) (WARNING: The server did not provide any stacktrace information)
Command duration or timeout: 71 milliseconds
Build info: version: &apos;unknown&apos;, revision: &apos;unknown&apos;, time: &apos;unknown&apos;
System info: host: &apos;WK2407&apos;, ip: &apos;10.66.29.36&apos;, os.name: &apos;Windows 7&apos;, os.arch: &apos;amd64&apos;, os.version: &apos;6.1&apos;, java.version: &apos;1.8.0_131&apos;
Driver info: org.openqa.selenium.chrome.ChromeDriver
Capabilities [{applicationCacheEnabled=false, rotatable=false, mobileEmulationEnabled=false, networkConnectionEnabled=false, chrome={chromedriverVersion=2.30.477700 (0057494ad8732195794a7b32078424f92a5fce41), userDataDir=C:\Users\ALEXIS~1\AppData\Local\Temp\scoped_dir2320_10475}, takesHeapSnapshot=true, pageLoadStrategy=normal, databaseEnabled=false, handlesAlerts=true, hasTouchScreen=false, version=59.0.3071.115, platform=XP, browserConnectionEnabled=false, nativeEvents=true, acceptSslCerts=true, locationContextEnabled=true, webStorageEnabled=true, browserName=chrome, takesScreenshot=true, javascriptEnabled=true, cssSelectorsEnabled=true, unexpectedAlertBehaviour=}]
Session ID: a2393f18347c3d5e11ed05f54d49f90c
	at org.openqa.selenium.remote.ErrorHandler.createThrowable(ErrorHandler.java:215)
	at org.openqa.selenium.remote.ErrorHandler.throwIfResponseFailed(ErrorHandler.java:167)
	at org.openqa.selenium.remote.RemoteWebDriver.execute(RemoteWebDriver.java:671)
	at org.openqa.selenium.remote.RemoteWebElement.execute(RemoteWebElement.java:272)
	at org.openqa.selenium.remote.RemoteWebElement.click(RemoteWebElement.java:82)
	at com.purebarre.www.dataaction.HeaderNavigationActions.clickOwnAStudio(HeaderNavigationActions.java:106)
	at com.purebarre.www.datatests.NavigationTests.clickHeaderLink_OwnAStudio(NavigationTests.java:128)
... Removed 29 stack frames</div></td></tr></table><p class="totop"><a href="#summary">back to summary</a></p><h3 id="m7">com.purebarre.www.datatests.NavigationTests#clickHeaderLink_Shop</h3><table class="result"><tr><th>Exception</th></tr><tr><td><div class="stacktrace">java.lang.AssertionError: expected [true] but found [false]
	at com.purebarre.www.datatests.NavigationTests.clickHeaderLink_Shop(NavigationTests.java:107)
... Removed 29 stack frames</div></td></tr></table><p class="totop"><a href="#summary">back to summary</a></p><h3 id="m8">com.purebarre.www.datatests.NavigationTests#clickHeaderLink_Story</h3><table class="result"><tr><th>Exception</th></tr><tr><td><div class="stacktrace">org.openqa.selenium.NoSuchElementException: no such element: Unable to locate element: {&quot;method&quot;:&quot;xpath&quot;,&quot;selector&quot;:&quot;//ul[@class=&apos;menu&apos;]//a[text()=&apos;Story&apos;]&quot;}
  (Session info: chrome=59.0.3071.115)
  (Driver info: chromedriver=2.30.477700 (0057494ad8732195794a7b32078424f92a5fce41),platform=Windows NT 6.1.7601 SP1 x86_64) (WARNING: The server did not provide any stacktrace information)
Command duration or timeout: 53 milliseconds
For documentation on this error, please visit: http://seleniumhq.org/exceptions/no_such_element.html
Build info: version: &apos;unknown&apos;, revision: &apos;unknown&apos;, time: &apos;unknown&apos;
System info: host: &apos;WK2407&apos;, ip: &apos;10.66.29.36&apos;, os.name: &apos;Windows 7&apos;, os.arch: &apos;amd64&apos;, os.version: &apos;6.1&apos;, java.version: &apos;1.8.0_131&apos;
Driver info: org.openqa.selenium.chrome.ChromeDriver
Capabilities [{applicationCacheEnabled=false, rotatable=false, mobileEmulationEnabled=false, networkConnectionEnabled=false, chrome={chromedriverVersion=2.30.477700 (0057494ad8732195794a7b32078424f92a5fce41), userDataDir=C:\Users\ALEXIS~1\AppData\Local\Temp\scoped_dir6900_27000}, takesHeapSnapshot=true, pageLoadStrategy=normal, databaseEnabled=false, handlesAlerts=true, hasTouchScreen=false, version=59.0.3071.115, platform=XP, browserConnectionEnabled=false, nativeEvents=true, acceptSslCerts=true, locationContextEnabled=true, webStorageEnabled=true, browserName=chrome, takesScreenshot=true, javascriptEnabled=true, cssSelectorsEnabled=true, unexpectedAlertBehaviour=}]
Session ID: 6ae24545724013b9b6df3bb6d0a91040
*** Element info: {Using=xpath, value=//ul[@class=&apos;menu&apos;]//a[text()=&apos;Story&apos;]}
	at org.openqa.selenium.remote.ErrorHandler.createThrowable(ErrorHandler.java:215)
	at org.openqa.selenium.remote.ErrorHandler.throwIfResponseFailed(ErrorHandler.java:167)
	at org.openqa.selenium.remote.RemoteWebDriver.execute(RemoteWebDriver.java:671)
	at org.openqa.selenium.remote.RemoteWebDriver.findElement(RemoteWebDriver.java:410)
	at org.openqa.selenium.remote.RemoteWebDriver.findElementByXPath(RemoteWebDriver.java:509)
	at org.openqa.selenium.By$ByXPath.findElement(By.java:361)
	at org.openqa.selenium.remote.RemoteWebDriver.findElement(RemoteWebDriver.java:402)
	at com.purebarre.www.objects.HeaderObjects.link_Story(HeaderObjects.java:77)
	at com.purebarre.www.dataaction.HeaderNavigationActions.clickStory(HeaderNavigationActions.java:79)
	at com.purebarre.www.datatests.NavigationTests.clickHeaderLink_Story(NavigationTests.java:89)
... Removed 29 stack frames</div></td></tr></table><p class="totop"><a href="#summary">back to summary</a></p></body></html>